[0.079s] DEBUG:colcon:Command line arguments: ['/usr/bin/colcon', 'build']
[0.080s] DEBUG:colcon:Parsed command line arguments: Namespace(ament_cmake_args=None, base_paths=['.'], build_base='build', catkin_cmake_args=None, catkin_skip_building_tests=False, cmake_args=None, cmake_clean_cache=False, cmake_clean_first=False, cmake_force_configure=False, cmake_target=None, cmake_target_skip_unavailable=False, continue_on_error=False, event_handlers=None, executor='parallel', ignore_user_meta=False, install_base='install', log_base=None, log_level=None, main=<bound method BuildVerb.main of <colcon_core.verb.build.BuildVerb object at 0x7f34d8c88100>>, merge_install=False, metas=['./colcon.meta'], packages_above=None, packages_above_and_dependencies=None, packages_above_depth=None, packages_end=None, packages_ignore=None, packages_ignore_regex=None, packages_select=None, packages_select_build_failed=False, packages_select_by_dep=None, packages_select_regex=None, packages_select_test_failures=False, packages_skip=None, packages_skip_build_finished=False, packages_skip_by_dep=None, packages_skip_regex=None, packages_skip_test_passed=False, packages_skip_up_to=None, packages_start=None, packages_up_to=None, packages_up_to_regex=None, parallel_workers=16, paths=None, symlink_install=False, test_result_base=None, verb_extension=<colcon_core.verb.build.BuildVerb object at 0x7f34d8c88100>, verb_name='build', verb_parser=<colcon_defaults.argument_parser.defaults.DefaultArgumentsDecorator object at 0x7f34d8c88640>)
[0.095s] Level 1:colcon.colcon_core.package_discovery:discover_packages(colcon_meta) check parameters
[0.096s] Level 1:colcon.colcon_core.package_discovery:discover_packages(recursive) check parameters
[0.096s] Level 1:colcon.colcon_core.package_discovery:discover_packages(ignore) check parameters
[0.096s] Level 1:colcon.colcon_core.package_discovery:discover_packages(path) check parameters
[0.096s] Level 1:colcon.colcon_core.package_discovery:discover_packages(colcon_meta) discover
[0.096s] Level 1:colcon.colcon_core.package_discovery:discover_packages(recursive) discover
[0.096s] INFO:colcon.colcon_core.package_discovery:Crawling recursively for packages in '/home/hirofuji/workbench/ros2/src'
[0.096s] Level 1:colcon.colcon_core.package_identification:_identify(.) by extensions ['ignore', 'ignore_ament_install']
[0.096s] Level 1:colcon.colcon_core.package_identification:_identify(.) by extension 'ignore'
[0.096s] Level 1:colcon.colcon_core.package_identification:_identify(.) by extension 'ignore_ament_install'
[0.096s] Level 1:colcon.colcon_core.package_identification:_identify(.) by extensions ['colcon_pkg']
[0.096s] Level 1:colcon.colcon_core.package_identification:_identify(.) by extension 'colcon_pkg'
[0.096s] Level 1:colcon.colcon_core.package_identification:_identify(.) by extensions ['colcon_meta']
[0.096s] Level 1:colcon.colcon_core.package_identification:_identify(.) by extension 'colcon_meta'
[0.096s] Level 1:colcon.colcon_core.package_identification:_identify(.) by extensions ['ros']
[0.096s] Level 1:colcon.colcon_core.package_identification:_identify(.) by extension 'ros'
[0.104s] Level 1:colcon.colcon_core.package_identification:_identify(.) by extensions ['cmake', 'python']
[0.104s] Level 1:colcon.colcon_core.package_identification:_identify(.) by extension 'cmake'
[0.104s] Level 1:colcon.colcon_core.package_identification:_identify(.) by extension 'python'
[0.104s] Level 1:colcon.colcon_core.package_identification:_identify(.) by extensions ['python_setup_py']
[0.104s] Level 1:colcon.colcon_core.package_identification:_identify(.) by extension 'python_setup_py'
[0.105s] Level 1:colcon.colcon_core.package_identification:_identify(build) by extensions ['ignore', 'ignore_ament_install']
[0.105s] Level 1:colcon.colcon_core.package_identification:_identify(build) by extension 'ignore'
[0.105s] Level 1:colcon.colcon_core.package_identification:_identify(build) ignored
[0.105s] Level 1:colcon.colcon_core.package_identification:_identify(install) by extensions ['ignore', 'ignore_ament_install']
[0.105s] Level 1:colcon.colcon_core.package_identification:_identify(install) by extension 'ignore'
[0.105s] Level 1:colcon.colcon_core.package_identification:_identify(install) ignored
[0.105s] Level 1:colcon.colcon_core.package_identification:_identify(log) by extensions ['ignore', 'ignore_ament_install']
[0.105s] Level 1:colcon.colcon_core.package_identification:_identify(log) by extension 'ignore'
[0.105s] Level 1:colcon.colcon_core.package_identification:_identify(log) ignored
[0.105s] Level 1:colcon.colcon_core.package_identification:_identify(test_node) by extensions ['ignore', 'ignore_ament_install']
[0.105s] Level 1:colcon.colcon_core.package_identification:_identify(test_node) by extension 'ignore'
[0.105s] Level 1:colcon.colcon_core.package_identification:_identify(test_node) by extension 'ignore_ament_install'
[0.105s] Level 1:colcon.colcon_core.package_identification:_identify(test_node) by extensions ['colcon_pkg']
[0.106s] Level 1:colcon.colcon_core.package_identification:_identify(test_node) by extension 'colcon_pkg'
[0.106s] Level 1:colcon.colcon_core.package_identification:_identify(test_node) by extensions ['colcon_meta']
[0.106s] Level 1:colcon.colcon_core.package_identification:_identify(test_node) by extension 'colcon_meta'
[0.106s] Level 1:colcon.colcon_core.package_identification:_identify(test_node) by extensions ['ros']
[0.106s] Level 1:colcon.colcon_core.package_identification:_identify(test_node) by extension 'ros'
[0.107s] DEBUG:colcon.colcon_core.package_identification:Package 'test_node' with type 'ros.ament_cmake' and name 'test_node'
[0.107s] Level 1:colcon.colcon_core.package_discovery:discover_packages(recursive) using defaults
[0.107s] Level 1:colcon.colcon_core.package_discovery:discover_packages(ignore) discover
[0.107s] Level 1:colcon.colcon_core.package_discovery:discover_packages(ignore) using defaults
[0.107s] Level 1:colcon.colcon_core.package_discovery:discover_packages(path) discover
[0.107s] Level 1:colcon.colcon_core.package_discovery:discover_packages(path) using defaults
[0.119s] Level 5:colcon.colcon_core.verb:set package 'test_node' build argument 'cmake_args' from command line to 'None'
[0.119s] Level 5:colcon.colcon_core.verb:set package 'test_node' build argument 'cmake_target' from command line to 'None'
[0.119s] Level 5:colcon.colcon_core.verb:set package 'test_node' build argument 'cmake_target_skip_unavailable' from command line to 'False'
[0.119s] Level 5:colcon.colcon_core.verb:set package 'test_node' build argument 'cmake_clean_cache' from command line to 'False'
[0.119s] Level 5:colcon.colcon_core.verb:set package 'test_node' build argument 'cmake_clean_first' from command line to 'False'
[0.119s] Level 5:colcon.colcon_core.verb:set package 'test_node' build argument 'cmake_force_configure' from command line to 'False'
[0.119s] Level 5:colcon.colcon_core.verb:set package 'test_node' build argument 'ament_cmake_args' from command line to 'None'
[0.119s] Level 5:colcon.colcon_core.verb:set package 'test_node' build argument 'catkin_cmake_args' from command line to 'None'
[0.119s] Level 5:colcon.colcon_core.verb:set package 'test_node' build argument 'catkin_skip_building_tests' from command line to 'False'
[0.119s] DEBUG:colcon.colcon_core.verb:Building package 'test_node' with the following arguments: {'ament_cmake_args': None, 'build_base': '/home/hirofuji/workbench/ros2/src/build/test_node', 'catkin_cmake_args': None, 'catkin_skip_building_tests': False, 'cmake_args': None, 'cmake_clean_cache': False, 'cmake_clean_first': False, 'cmake_force_configure': False, 'cmake_target': None, 'cmake_target_skip_unavailable': False, 'install_base': '/home/hirofuji/workbench/ros2/src/install/test_node', 'merge_install': False, 'path': '/home/hirofuji/workbench/ros2/src/test_node', 'symlink_install': False, 'test_result_base': None}
[0.120s] INFO:colcon.colcon_core.executor:Executing jobs using 'parallel' executor
[0.121s] DEBUG:colcon.colcon_parallel_executor.executor.parallel:run_until_complete
[0.122s] INFO:colcon.colcon_ros.task.ament_cmake.build:Building ROS package in '/home/hirofuji/workbench/ros2/src/test_node' with build type 'ament_cmake'
[0.122s] INFO:colcon.colcon_cmake.task.cmake.build:Building CMake package in '/home/hirofuji/workbench/ros2/src/test_node'
[0.125s] INFO:colcon.colcon_core.plugin_system:Skipping extension 'colcon_core.shell.bat': Not used on non-Windows systems
[0.125s] INFO:colcon.colcon_core.shell:Skip shell extension 'powershell' for command environment: Not usable outside of PowerShell
[0.125s] DEBUG:colcon.colcon_core.shell:Skip shell extension 'dsv' for command environment
[0.132s] DEBUG:colcon.colcon_core.event_handler.log_command:Invoking command in '/home/hirofuji/workbench/ros2/src/build/test_node': CMAKE_PREFIX_PATH=/opt/ros/foxy /usr/bin/cmake /home/hirofuji/workbench/ros2/src/test_node -DCMAKE_INSTALL_PREFIX=/home/hirofuji/workbench/ros2/src/install/test_node
[1.227s] DEBUG:colcon.colcon_core.event_handler.log_command:Invoked command in '/home/hirofuji/workbench/ros2/src/build/test_node' returned '0': CMAKE_PREFIX_PATH=/opt/ros/foxy /usr/bin/cmake /home/hirofuji/workbench/ros2/src/test_node -DCMAKE_INSTALL_PREFIX=/home/hirofuji/workbench/ros2/src/install/test_node
[1.228s] DEBUG:colcon.colcon_core.event_handler.log_command:Invoking command in '/home/hirofuji/workbench/ros2/src/build/test_node': CMAKE_PREFIX_PATH=/opt/ros/foxy /usr/bin/cmake --build /home/hirofuji/workbench/ros2/src/build/test_node -- -j16 -l16
[2.612s] DEBUG:colcon.colcon_core.event_handler.log_command:Invoked command in '/home/hirofuji/workbench/ros2/src/build/test_node' returned '0': CMAKE_PREFIX_PATH=/opt/ros/foxy /usr/bin/cmake --build /home/hirofuji/workbench/ros2/src/build/test_node -- -j16 -l16
[2.632s] DEBUG:colcon.colcon_core.event_handler.log_command:Invoking command in '/home/hirofuji/workbench/ros2/src/build/test_node': CMAKE_PREFIX_PATH=/opt/ros/foxy /usr/bin/cmake --install /home/hirofuji/workbench/ros2/src/build/test_node
[2.639s] Level 1:colcon.colcon_core.environment:create_environment_scripts_only(test_node)
[2.640s] DEBUG:colcon.colcon_core.event_handler.log_command:Invoked command in '/home/hirofuji/workbench/ros2/src/build/test_node' returned '0': CMAKE_PREFIX_PATH=/opt/ros/foxy /usr/bin/cmake --install /home/hirofuji/workbench/ros2/src/build/test_node
[2.642s] Level 1:colcon.colcon_core.environment:checking '/home/hirofuji/workbench/ros2/src/install/test_node' for CMake module files
[2.643s] Level 1:colcon.colcon_core.environment:checking '/home/hirofuji/workbench/ros2/src/install/test_node' for CMake config files
[2.643s] Level 1:colcon.colcon_core.shell:create_environment_hook('test_node', 'cmake_prefix_path')
[2.643s] INFO:colcon.colcon_core.shell:Creating environment hook '/home/hirofuji/workbench/ros2/src/install/test_node/share/test_node/hook/cmake_prefix_path.ps1'
[2.644s] INFO:colcon.colcon_core.shell:Creating environment descriptor '/home/hirofuji/workbench/ros2/src/install/test_node/share/test_node/hook/cmake_prefix_path.dsv'
[2.644s] INFO:colcon.colcon_core.shell:Creating environment hook '/home/hirofuji/workbench/ros2/src/install/test_node/share/test_node/hook/cmake_prefix_path.sh'
[2.645s] Level 1:colcon.colcon_core.environment:checking '/home/hirofuji/workbench/ros2/src/install/test_node/bin'
[2.645s] Level 1:colcon.colcon_core.environment:checking '/home/hirofuji/workbench/ros2/src/install/test_node/lib/pkgconfig/test_node.pc'
[2.645s] Level 1:colcon.colcon_core.environment:checking '/home/hirofuji/workbench/ros2/src/install/test_node/lib/python3.8/site-packages'
[2.645s] Level 1:colcon.colcon_core.environment:checking '/home/hirofuji/workbench/ros2/src/install/test_node/bin'
[2.646s] INFO:colcon.colcon_core.shell:Creating package script '/home/hirofuji/workbench/ros2/src/install/test_node/share/test_node/package.ps1'
[2.646s] INFO:colcon.colcon_core.shell:Creating package descriptor '/home/hirofuji/workbench/ros2/src/install/test_node/share/test_node/package.dsv'
[2.647s] INFO:colcon.colcon_core.shell:Creating package script '/home/hirofuji/workbench/ros2/src/install/test_node/share/test_node/package.sh'
[2.647s] INFO:colcon.colcon_core.shell:Creating package script '/home/hirofuji/workbench/ros2/src/install/test_node/share/test_node/package.bash'
[2.648s] INFO:colcon.colcon_core.shell:Creating package script '/home/hirofuji/workbench/ros2/src/install/test_node/share/test_node/package.zsh'
[2.648s] Level 1:colcon.colcon_core.environment:create_file_with_runtime_dependencies(/home/hirofuji/workbench/ros2/src/install/test_node/share/colcon-core/packages/test_node)
[2.663s] Level 1:colcon.colcon_core.environment:create_environment_scripts_only(test_node)
[2.664s] Level 1:colcon.colcon_core.environment:checking '/home/hirofuji/workbench/ros2/src/install/test_node' for CMake module files
[2.664s] Level 1:colcon.colcon_core.environment:checking '/home/hirofuji/workbench/ros2/src/install/test_node' for CMake config files
[2.664s] Level 1:colcon.colcon_core.shell:create_environment_hook('test_node', 'cmake_prefix_path')
[2.665s] INFO:colcon.colcon_core.shell:Creating environment hook '/home/hirofuji/workbench/ros2/src/install/test_node/share/test_node/hook/cmake_prefix_path.ps1'
[2.665s] INFO:colcon.colcon_core.shell:Creating environment descriptor '/home/hirofuji/workbench/ros2/src/install/test_node/share/test_node/hook/cmake_prefix_path.dsv'
[2.665s] INFO:colcon.colcon_core.shell:Creating environment hook '/home/hirofuji/workbench/ros2/src/install/test_node/share/test_node/hook/cmake_prefix_path.sh'
[2.666s] Level 1:colcon.colcon_core.environment:checking '/home/hirofuji/workbench/ros2/src/install/test_node/bin'
[2.666s] Level 1:colcon.colcon_core.environment:checking '/home/hirofuji/workbench/ros2/src/install/test_node/lib/pkgconfig/test_node.pc'
[2.666s] Level 1:colcon.colcon_core.environment:checking '/home/hirofuji/workbench/ros2/src/install/test_node/lib/python3.8/site-packages'
[2.666s] Level 1:colcon.colcon_core.environment:checking '/home/hirofuji/workbench/ros2/src/install/test_node/bin'
[2.666s] INFO:colcon.colcon_core.shell:Creating package script '/home/hirofuji/workbench/ros2/src/install/test_node/share/test_node/package.ps1'
[2.667s] INFO:colcon.colcon_core.shell:Creating package descriptor '/home/hirofuji/workbench/ros2/src/install/test_node/share/test_node/package.dsv'
[2.667s] INFO:colcon.colcon_core.shell:Creating package script '/home/hirofuji/workbench/ros2/src/install/test_node/share/test_node/package.sh'
[2.667s] INFO:colcon.colcon_core.shell:Creating package script '/home/hirofuji/workbench/ros2/src/install/test_node/share/test_node/package.bash'
[2.668s] INFO:colcon.colcon_core.shell:Creating package script '/home/hirofuji/workbench/ros2/src/install/test_node/share/test_node/package.zsh'
[2.668s] Level 1:colcon.colcon_core.environment:create_file_with_runtime_dependencies(/home/hirofuji/workbench/ros2/src/install/test_node/share/colcon-core/packages/test_node)
[2.668s] DEBUG:colcon.colcon_parallel_executor.executor.parallel:closing loop
[2.669s] DEBUG:colcon.colcon_parallel_executor.executor.parallel:loop closed
[2.669s] DEBUG:colcon.colcon_parallel_executor.executor.parallel:run_until_complete finished with '0'
[2.669s] DEBUG:colcon.colcon_core.event_reactor:joining thread
[2.674s] INFO:colcon.colcon_core.plugin_system:Skipping extension 'colcon_notification.desktop_notification.notify_send': Could not find 'notify-send'
[2.674s] INFO:colcon.colcon_core.plugin_system:Skipping extension 'colcon_notification.desktop_notification.terminal_notifier': Not used on non-Darwin systems
[2.674s] INFO:colcon.colcon_core.plugin_system:Skipping extension 'colcon_notification.desktop_notification.win32': Not used on non-Windows systems
[2.674s] INFO:colcon.colcon_notification.desktop_notification:Sending desktop notification using 'notify2'
[2.674s] DEBUG:colcon.colcon_notification.desktop_notification.notify2:Failed to initialize notify2: org.freedesktop.DBus.Error.NotSupported: Unable to autolaunch a dbus-daemon without a $DISPLAY for X11
[2.674s] DEBUG:colcon.colcon_core.event_reactor:joined thread
[2.674s] INFO:colcon.colcon_core.shell:Creating prefix script '/home/hirofuji/workbench/ros2/src/install/local_setup.ps1'
[2.675s] INFO:colcon.colcon_core.shell:Creating prefix util module '/home/hirofuji/workbench/ros2/src/install/_local_setup_util_ps1.py'
[2.676s] INFO:colcon.colcon_core.shell:Creating prefix chain script '/home/hirofuji/workbench/ros2/src/install/setup.ps1'
[2.676s] INFO:colcon.colcon_core.shell:Creating prefix script '/home/hirofuji/workbench/ros2/src/install/local_setup.sh'
[2.677s] INFO:colcon.colcon_core.shell:Creating prefix util module '/home/hirofuji/workbench/ros2/src/install/_local_setup_util_sh.py'
[2.677s] INFO:colcon.colcon_core.shell:Creating prefix chain script '/home/hirofuji/workbench/ros2/src/install/setup.sh'
[2.678s] INFO:colcon.colcon_core.shell:Creating prefix script '/home/hirofuji/workbench/ros2/src/install/local_setup.bash'
[2.678s] INFO:colcon.colcon_core.shell:Creating prefix chain script '/home/hirofuji/workbench/ros2/src/install/setup.bash'
[2.679s] INFO:colcon.colcon_core.shell:Creating prefix script '/home/hirofuji/workbench/ros2/src/install/local_setup.zsh'
[2.679s] INFO:colcon.colcon_core.shell:Creating prefix chain script '/home/hirofuji/workbench/ros2/src/install/setup.zsh'
