[0.080s] DEBUG:colcon:Command line arguments: ['/usr/bin/colcon', 'build']
[0.080s] DEBUG:colcon:Parsed command line arguments: Namespace(ament_cmake_args=None, base_paths=['.'], build_base='build', catkin_cmake_args=None, catkin_skip_building_tests=False, cmake_args=None, cmake_clean_cache=False, cmake_clean_first=False, cmake_force_configure=False, cmake_target=None, cmake_target_skip_unavailable=False, continue_on_error=False, event_handlers=None, executor='parallel', ignore_user_meta=False, install_base='install', log_base=None, log_level=None, main=<bound method BuildVerb.main of <colcon_core.verb.build.BuildVerb object at 0x7f037e89e0a0>>, merge_install=False, metas=['./colcon.meta'], packages_above=None, packages_above_and_dependencies=None, packages_above_depth=None, packages_end=None, packages_ignore=None, packages_ignore_regex=None, packages_select=None, packages_select_build_failed=False, packages_select_by_dep=None, packages_select_regex=None, packages_select_test_failures=False, packages_skip=None, packages_skip_build_finished=False, packages_skip_by_dep=None, packages_skip_regex=None, packages_skip_test_passed=False, packages_skip_up_to=None, packages_start=None, packages_up_to=None, packages_up_to_regex=None, parallel_workers=16, paths=None, symlink_install=False, test_result_base=None, verb_extension=<colcon_core.verb.build.BuildVerb object at 0x7f037e89e0a0>, verb_name='build', verb_parser=<colcon_defaults.argument_parser.defaults.DefaultArgumentsDecorator object at 0x7f037e89e5e0>)
[0.096s] Level 1:colcon.colcon_core.package_discovery:discover_packages(colcon_meta) check parameters
[0.096s] Level 1:colcon.colcon_core.package_discovery:discover_packages(recursive) check parameters
[0.096s] Level 1:colcon.colcon_core.package_discovery:discover_packages(ignore) check parameters
[0.096s] Level 1:colcon.colcon_core.package_discovery:discover_packages(path) check parameters
[0.097s] Level 1:colcon.colcon_core.package_discovery:discover_packages(colcon_meta) discover
[0.097s] Level 1:colcon.colcon_core.package_discovery:discover_packages(recursive) discover
[0.097s] INFO:colcon.colcon_core.package_discovery:Crawling recursively for packages in '/home/hirofuji/workbench/ros2/src'
[0.097s] Level 1:colcon.colcon_core.package_identification:_identify(.) by extensions ['ignore', 'ignore_ament_install']
[0.097s] Level 1:colcon.colcon_core.package_identification:_identify(.) by extension 'ignore'
[0.097s] Level 1:colcon.colcon_core.package_identification:_identify(.) by extension 'ignore_ament_install'
[0.097s] Level 1:colcon.colcon_core.package_identification:_identify(.) by extensions ['colcon_pkg']
[0.097s] Level 1:colcon.colcon_core.package_identification:_identify(.) by extension 'colcon_pkg'
[0.097s] Level 1:colcon.colcon_core.package_identification:_identify(.) by extensions ['colcon_meta']
[0.097s] Level 1:colcon.colcon_core.package_identification:_identify(.) by extension 'colcon_meta'
[0.097s] Level 1:colcon.colcon_core.package_identification:_identify(.) by extensions ['ros']
[0.097s] Level 1:colcon.colcon_core.package_identification:_identify(.) by extension 'ros'
[0.105s] Level 1:colcon.colcon_core.package_identification:_identify(.) by extensions ['cmake', 'python']
[0.106s] Level 1:colcon.colcon_core.package_identification:_identify(.) by extension 'cmake'
[0.106s] Level 1:colcon.colcon_core.package_identification:_identify(.) by extension 'python'
[0.106s] Level 1:colcon.colcon_core.package_identification:_identify(.) by extensions ['python_setup_py']
[0.106s] Level 1:colcon.colcon_core.package_identification:_identify(.) by extension 'python_setup_py'
[0.106s] Level 1:colcon.colcon_core.package_identification:_identify(build) by extensions ['ignore', 'ignore_ament_install']
[0.106s] Level 1:colcon.colcon_core.package_identification:_identify(build) by extension 'ignore'
[0.106s] Level 1:colcon.colcon_core.package_identification:_identify(build) ignored
[0.106s] Level 1:colcon.colcon_core.package_identification:_identify(install) by extensions ['ignore', 'ignore_ament_install']
[0.106s] Level 1:colcon.colcon_core.package_identification:_identify(install) by extension 'ignore'
[0.106s] Level 1:colcon.colcon_core.package_identification:_identify(install) ignored
[0.107s] Level 1:colcon.colcon_core.package_identification:_identify(log) by extensions ['ignore', 'ignore_ament_install']
[0.107s] Level 1:colcon.colcon_core.package_identification:_identify(log) by extension 'ignore'
[0.107s] Level 1:colcon.colcon_core.package_identification:_identify(log) ignored
[0.107s] Level 1:colcon.colcon_core.package_identification:_identify(test_node) by extensions ['ignore', 'ignore_ament_install']
[0.107s] Level 1:colcon.colcon_core.package_identification:_identify(test_node) by extension 'ignore'
[0.107s] Level 1:colcon.colcon_core.package_identification:_identify(test_node) by extension 'ignore_ament_install'
[0.107s] Level 1:colcon.colcon_core.package_identification:_identify(test_node) by extensions ['colcon_pkg']
[0.107s] Level 1:colcon.colcon_core.package_identification:_identify(test_node) by extension 'colcon_pkg'
[0.107s] Level 1:colcon.colcon_core.package_identification:_identify(test_node) by extensions ['colcon_meta']
[0.107s] Level 1:colcon.colcon_core.package_identification:_identify(test_node) by extension 'colcon_meta'
[0.107s] Level 1:colcon.colcon_core.package_identification:_identify(test_node) by extensions ['ros']
[0.107s] Level 1:colcon.colcon_core.package_identification:_identify(test_node) by extension 'ros'
[0.109s] DEBUG:colcon.colcon_core.package_identification:Package 'test_node' with type 'ros.ament_cmake' and name 'test_node_pkg'
[0.109s] Level 1:colcon.colcon_core.package_discovery:discover_packages(recursive) using defaults
[0.109s] Level 1:colcon.colcon_core.package_discovery:discover_packages(ignore) discover
[0.109s] Level 1:colcon.colcon_core.package_discovery:discover_packages(ignore) using defaults
[0.109s] Level 1:colcon.colcon_core.package_discovery:discover_packages(path) discover
[0.109s] Level 1:colcon.colcon_core.package_discovery:discover_packages(path) using defaults
[0.121s] Level 5:colcon.colcon_core.verb:set package 'test_node_pkg' build argument 'cmake_args' from command line to 'None'
[0.121s] Level 5:colcon.colcon_core.verb:set package 'test_node_pkg' build argument 'cmake_target' from command line to 'None'
[0.121s] Level 5:colcon.colcon_core.verb:set package 'test_node_pkg' build argument 'cmake_target_skip_unavailable' from command line to 'False'
[0.121s] Level 5:colcon.colcon_core.verb:set package 'test_node_pkg' build argument 'cmake_clean_cache' from command line to 'False'
[0.121s] Level 5:colcon.colcon_core.verb:set package 'test_node_pkg' build argument 'cmake_clean_first' from command line to 'False'
[0.121s] Level 5:colcon.colcon_core.verb:set package 'test_node_pkg' build argument 'cmake_force_configure' from command line to 'False'
[0.121s] Level 5:colcon.colcon_core.verb:set package 'test_node_pkg' build argument 'ament_cmake_args' from command line to 'None'
[0.121s] Level 5:colcon.colcon_core.verb:set package 'test_node_pkg' build argument 'catkin_cmake_args' from command line to 'None'
[0.121s] Level 5:colcon.colcon_core.verb:set package 'test_node_pkg' build argument 'catkin_skip_building_tests' from command line to 'False'
[0.121s] DEBUG:colcon.colcon_core.verb:Building package 'test_node_pkg' with the following arguments: {'ament_cmake_args': None, 'build_base': '/home/hirofuji/workbench/ros2/src/build/test_node_pkg', 'catkin_cmake_args': None, 'catkin_skip_building_tests': False, 'cmake_args': None, 'cmake_clean_cache': False, 'cmake_clean_first': False, 'cmake_force_configure': False, 'cmake_target': None, 'cmake_target_skip_unavailable': False, 'install_base': '/home/hirofuji/workbench/ros2/src/install/test_node_pkg', 'merge_install': False, 'path': '/home/hirofuji/workbench/ros2/src/test_node', 'symlink_install': False, 'test_result_base': None}
[0.121s] INFO:colcon.colcon_core.executor:Executing jobs using 'parallel' executor
[0.123s] DEBUG:colcon.colcon_parallel_executor.executor.parallel:run_until_complete
[0.123s] INFO:colcon.colcon_ros.task.ament_cmake.build:Building ROS package in '/home/hirofuji/workbench/ros2/src/test_node' with build type 'ament_cmake'
[0.123s] INFO:colcon.colcon_cmake.task.cmake.build:Building CMake package in '/home/hirofuji/workbench/ros2/src/test_node'
[0.127s] INFO:colcon.colcon_core.plugin_system:Skipping extension 'colcon_core.shell.bat': Not used on non-Windows systems
[0.127s] INFO:colcon.colcon_core.shell:Skip shell extension 'powershell' for command environment: Not usable outside of PowerShell
[0.127s] DEBUG:colcon.colcon_core.shell:Skip shell extension 'dsv' for command environment
[0.135s] DEBUG:colcon.colcon_core.event_handler.log_command:Invoking command in '/home/hirofuji/workbench/ros2/src/build/test_node_pkg': CMAKE_PREFIX_PATH=${CMAKE_PREFIX_PATH}:/opt/ros/foxy /usr/bin/cmake /home/hirofuji/workbench/ros2/src/test_node -DCMAKE_INSTALL_PREFIX=/home/hirofuji/workbench/ros2/src/install/test_node_pkg
[1.175s] DEBUG:colcon.colcon_core.event_handler.log_command:Invoked command in '/home/hirofuji/workbench/ros2/src/build/test_node_pkg' returned '0': CMAKE_PREFIX_PATH=${CMAKE_PREFIX_PATH}:/opt/ros/foxy /usr/bin/cmake /home/hirofuji/workbench/ros2/src/test_node -DCMAKE_INSTALL_PREFIX=/home/hirofuji/workbench/ros2/src/install/test_node_pkg
[1.177s] DEBUG:colcon.colcon_core.event_handler.log_command:Invoking command in '/home/hirofuji/workbench/ros2/src/build/test_node_pkg': CMAKE_PREFIX_PATH=${CMAKE_PREFIX_PATH}:/opt/ros/foxy /usr/bin/cmake --build /home/hirofuji/workbench/ros2/src/build/test_node_pkg -- -j16 -l16
[3.339s] DEBUG:colcon.colcon_core.event_handler.log_command:Invoked command in '/home/hirofuji/workbench/ros2/src/build/test_node_pkg' returned '0': CMAKE_PREFIX_PATH=${CMAKE_PREFIX_PATH}:/opt/ros/foxy /usr/bin/cmake --build /home/hirofuji/workbench/ros2/src/build/test_node_pkg -- -j16 -l16
[3.360s] DEBUG:colcon.colcon_core.event_handler.log_command:Invoking command in '/home/hirofuji/workbench/ros2/src/build/test_node_pkg': CMAKE_PREFIX_PATH=${CMAKE_PREFIX_PATH}:/opt/ros/foxy /usr/bin/cmake --install /home/hirofuji/workbench/ros2/src/build/test_node_pkg
[3.369s] Level 1:colcon.colcon_core.environment:create_environment_scripts_only(test_node_pkg)
[3.370s] DEBUG:colcon.colcon_core.event_handler.log_command:Invoked command in '/home/hirofuji/workbench/ros2/src/build/test_node_pkg' returned '0': CMAKE_PREFIX_PATH=${CMAKE_PREFIX_PATH}:/opt/ros/foxy /usr/bin/cmake --install /home/hirofuji/workbench/ros2/src/build/test_node_pkg
[3.372s] Level 1:colcon.colcon_core.environment:checking '/home/hirofuji/workbench/ros2/src/install/test_node_pkg' for CMake module files
[3.373s] Level 1:colcon.colcon_core.environment:checking '/home/hirofuji/workbench/ros2/src/install/test_node_pkg' for CMake config files
[3.373s] Level 1:colcon.colcon_core.shell:create_environment_hook('test_node_pkg', 'cmake_prefix_path')
[3.373s] INFO:colcon.colcon_core.shell:Creating environment hook '/home/hirofuji/workbench/ros2/src/install/test_node_pkg/share/test_node_pkg/hook/cmake_prefix_path.ps1'
[3.374s] INFO:colcon.colcon_core.shell:Creating environment descriptor '/home/hirofuji/workbench/ros2/src/install/test_node_pkg/share/test_node_pkg/hook/cmake_prefix_path.dsv'
[3.374s] INFO:colcon.colcon_core.shell:Creating environment hook '/home/hirofuji/workbench/ros2/src/install/test_node_pkg/share/test_node_pkg/hook/cmake_prefix_path.sh'
[3.375s] Level 1:colcon.colcon_core.environment:checking '/home/hirofuji/workbench/ros2/src/install/test_node_pkg/lib'
[3.375s] Level 1:colcon.colcon_core.environment:checking '/home/hirofuji/workbench/ros2/src/install/test_node_pkg/bin'
[3.375s] Level 1:colcon.colcon_core.environment:checking '/home/hirofuji/workbench/ros2/src/install/test_node_pkg/lib/pkgconfig/test_node_pkg.pc'
[3.375s] Level 1:colcon.colcon_core.environment:checking '/home/hirofuji/workbench/ros2/src/install/test_node_pkg/lib/python3.8/site-packages'
[3.376s] Level 1:colcon.colcon_core.environment:checking '/home/hirofuji/workbench/ros2/src/install/test_node_pkg/bin'
[3.376s] INFO:colcon.colcon_core.shell:Creating package script '/home/hirofuji/workbench/ros2/src/install/test_node_pkg/share/test_node_pkg/package.ps1'
[3.377s] INFO:colcon.colcon_core.shell:Creating package descriptor '/home/hirofuji/workbench/ros2/src/install/test_node_pkg/share/test_node_pkg/package.dsv'
[3.377s] INFO:colcon.colcon_core.shell:Creating package script '/home/hirofuji/workbench/ros2/src/install/test_node_pkg/share/test_node_pkg/package.sh'
[3.378s] INFO:colcon.colcon_core.shell:Creating package script '/home/hirofuji/workbench/ros2/src/install/test_node_pkg/share/test_node_pkg/package.bash'
[3.378s] INFO:colcon.colcon_core.shell:Creating package script '/home/hirofuji/workbench/ros2/src/install/test_node_pkg/share/test_node_pkg/package.zsh'
[3.379s] Level 1:colcon.colcon_core.environment:create_file_with_runtime_dependencies(/home/hirofuji/workbench/ros2/src/install/test_node_pkg/share/colcon-core/packages/test_node_pkg)
[3.395s] Level 1:colcon.colcon_core.environment:create_environment_scripts_only(test_node_pkg)
[3.396s] Level 1:colcon.colcon_core.environment:checking '/home/hirofuji/workbench/ros2/src/install/test_node_pkg' for CMake module files
[3.396s] Level 1:colcon.colcon_core.environment:checking '/home/hirofuji/workbench/ros2/src/install/test_node_pkg' for CMake config files
[3.396s] Level 1:colcon.colcon_core.shell:create_environment_hook('test_node_pkg', 'cmake_prefix_path')
[3.397s] INFO:colcon.colcon_core.shell:Creating environment hook '/home/hirofuji/workbench/ros2/src/install/test_node_pkg/share/test_node_pkg/hook/cmake_prefix_path.ps1'
[3.397s] INFO:colcon.colcon_core.shell:Creating environment descriptor '/home/hirofuji/workbench/ros2/src/install/test_node_pkg/share/test_node_pkg/hook/cmake_prefix_path.dsv'
[3.397s] INFO:colcon.colcon_core.shell:Creating environment hook '/home/hirofuji/workbench/ros2/src/install/test_node_pkg/share/test_node_pkg/hook/cmake_prefix_path.sh'
[3.398s] Level 1:colcon.colcon_core.environment:checking '/home/hirofuji/workbench/ros2/src/install/test_node_pkg/lib'
[3.398s] Level 1:colcon.colcon_core.environment:checking '/home/hirofuji/workbench/ros2/src/install/test_node_pkg/bin'
[3.398s] Level 1:colcon.colcon_core.environment:checking '/home/hirofuji/workbench/ros2/src/install/test_node_pkg/lib/pkgconfig/test_node_pkg.pc'
[3.398s] Level 1:colcon.colcon_core.environment:checking '/home/hirofuji/workbench/ros2/src/install/test_node_pkg/lib/python3.8/site-packages'
[3.398s] Level 1:colcon.colcon_core.environment:checking '/home/hirofuji/workbench/ros2/src/install/test_node_pkg/bin'
[3.399s] INFO:colcon.colcon_core.shell:Creating package script '/home/hirofuji/workbench/ros2/src/install/test_node_pkg/share/test_node_pkg/package.ps1'
[3.399s] INFO:colcon.colcon_core.shell:Creating package descriptor '/home/hirofuji/workbench/ros2/src/install/test_node_pkg/share/test_node_pkg/package.dsv'
[3.399s] INFO:colcon.colcon_core.shell:Creating package script '/home/hirofuji/workbench/ros2/src/install/test_node_pkg/share/test_node_pkg/package.sh'
[3.400s] INFO:colcon.colcon_core.shell:Creating package script '/home/hirofuji/workbench/ros2/src/install/test_node_pkg/share/test_node_pkg/package.bash'
[3.400s] INFO:colcon.colcon_core.shell:Creating package script '/home/hirofuji/workbench/ros2/src/install/test_node_pkg/share/test_node_pkg/package.zsh'
[3.400s] Level 1:colcon.colcon_core.environment:create_file_with_runtime_dependencies(/home/hirofuji/workbench/ros2/src/install/test_node_pkg/share/colcon-core/packages/test_node_pkg)
[3.401s] DEBUG:colcon.colcon_parallel_executor.executor.parallel:closing loop
[3.401s] DEBUG:colcon.colcon_parallel_executor.executor.parallel:loop closed
[3.401s] DEBUG:colcon.colcon_parallel_executor.executor.parallel:run_until_complete finished with '0'
[3.401s] DEBUG:colcon.colcon_core.event_reactor:joining thread
[3.406s] INFO:colcon.colcon_core.plugin_system:Skipping extension 'colcon_notification.desktop_notification.notify_send': Could not find 'notify-send'
[3.406s] INFO:colcon.colcon_core.plugin_system:Skipping extension 'colcon_notification.desktop_notification.terminal_notifier': Not used on non-Darwin systems
[3.406s] INFO:colcon.colcon_core.plugin_system:Skipping extension 'colcon_notification.desktop_notification.win32': Not used on non-Windows systems
[3.406s] INFO:colcon.colcon_notification.desktop_notification:Sending desktop notification using 'notify2'
[3.406s] DEBUG:colcon.colcon_notification.desktop_notification.notify2:Failed to initialize notify2: org.freedesktop.DBus.Error.NotSupported: Unable to autolaunch a dbus-daemon without a $DISPLAY for X11
[3.406s] DEBUG:colcon.colcon_core.event_reactor:joined thread
[3.407s] INFO:colcon.colcon_core.shell:Creating prefix script '/home/hirofuji/workbench/ros2/src/install/local_setup.ps1'
[3.407s] INFO:colcon.colcon_core.shell:Creating prefix util module '/home/hirofuji/workbench/ros2/src/install/_local_setup_util_ps1.py'
[3.408s] INFO:colcon.colcon_core.shell:Creating prefix chain script '/home/hirofuji/workbench/ros2/src/install/setup.ps1'
[3.409s] INFO:colcon.colcon_core.shell:Creating prefix script '/home/hirofuji/workbench/ros2/src/install/local_setup.sh'
[3.409s] INFO:colcon.colcon_core.shell:Creating prefix util module '/home/hirofuji/workbench/ros2/src/install/_local_setup_util_sh.py'
[3.410s] INFO:colcon.colcon_core.shell:Creating prefix chain script '/home/hirofuji/workbench/ros2/src/install/setup.sh'
[3.411s] INFO:colcon.colcon_core.shell:Creating prefix script '/home/hirofuji/workbench/ros2/src/install/local_setup.bash'
[3.411s] INFO:colcon.colcon_core.shell:Creating prefix chain script '/home/hirofuji/workbench/ros2/src/install/setup.bash'
[3.412s] INFO:colcon.colcon_core.shell:Creating prefix script '/home/hirofuji/workbench/ros2/src/install/local_setup.zsh'
[3.412s] INFO:colcon.colcon_core.shell:Creating prefix chain script '/home/hirofuji/workbench/ros2/src/install/setup.zsh'
